<?xml version="1.0" encoding="UTF-8"?>
<testng-results ignored="0" total="4" passed="4" failed="0" skipped="0">
  <reporter-output>
  </reporter-output>
  <suite started-at="2024-07-04T16:33:51 CDT" name="PetSuite" finished-at="2024-07-04T16:33:56 CDT" duration-ms="4290">
    <groups>
    </groups>
    <test started-at="2024-07-04T16:33:51 CDT" name="PetTests" finished-at="2024-07-04T16:33:56 CDT" duration-ms="4290">
      <class name="api.test.UserTests">
        <test-method is-config="true" signature="setup()[pri:0, instance:api.test.UserTests@2a3b5b47]" started-at="2024-07-04T16:33:51 CDT" name="setup" finished-at="2024-07-04T16:33:52 CDT" duration-ms="946" status="PASS">
          <reporter-output>
          </reporter-output>
        </test-method> <!-- setup -->
        <test-method signature="testPostUser()[pri:1, instance:api.test.UserTests@2a3b5b47]" started-at="2024-07-04T16:33:52 CDT" name="testPostUser" finished-at="2024-07-04T16:33:55 CDT" duration-ms="2362" status="PASS">
          <reporter-output>
          </reporter-output>
        </test-method> <!-- testPostUser -->
        <test-method signature="testGetUserByName()[pri:2, instance:api.test.UserTests@2a3b5b47]" started-at="2024-07-04T16:33:55 CDT" name="testGetUserByName" finished-at="2024-07-04T16:33:55 CDT" duration-ms="193" status="PASS">
          <reporter-output>
          </reporter-output>
        </test-method> <!-- testGetUserByName -->
        <test-method signature="testUpdateUserByName()[pri:3, instance:api.test.UserTests@2a3b5b47]" started-at="2024-07-04T16:33:55 CDT" name="testUpdateUserByName" finished-at="2024-07-04T16:33:55 CDT" duration-ms="351" status="PASS">
          <reporter-output>
          </reporter-output>
        </test-method> <!-- testUpdateUserByName -->
        <test-method signature="testDeleteUserByName()[pri:4, instance:api.test.UserTests@2a3b5b47]" started-at="2024-07-04T16:33:55 CDT" name="testDeleteUserByName" finished-at="2024-07-04T16:33:56 CDT" duration-ms="155" status="PASS">
          <reporter-output>
          </reporter-output>
        </test-method> <!-- testDeleteUserByName -->
      </class> <!-- api.test.UserTests -->
    </test> <!-- PetTests -->
  </suite> <!-- PetSuite -->
</testng-results>
