<?xml version="1.0" encoding="UTF-8"?>
<testng-results ignored="0" total="4" passed="4" failed="0" skipped="0">
  <reporter-output>
  </reporter-output>
  <suite started-at="2024-07-03T11:47:11 CDT" name="PetSuite" finished-at="2024-07-03T11:47:14 CDT" duration-ms="2623">
    <groups>
    </groups>
    <test started-at="2024-07-03T11:47:11 CDT" name="PetTests" finished-at="2024-07-03T11:47:14 CDT" duration-ms="2623">
      <class name="api.test.UserTests">
        <test-method is-config="true" signature="setup()[pri:0, instance:api.test.UserTests@3f4faf53]" started-at="2024-07-03T11:47:11 CDT" name="setup" finished-at="2024-07-03T11:47:12 CDT" duration-ms="463" status="PASS">
          <reporter-output>
          </reporter-output>
        </test-method> <!-- setup -->
        <test-method signature="testPostUser()[pri:1, instance:api.test.UserTests@3f4faf53]" started-at="2024-07-03T11:47:12 CDT" name="testPostUser" finished-at="2024-07-03T11:47:13 CDT" duration-ms="1322" status="PASS">
          <reporter-output>
          </reporter-output>
        </test-method> <!-- testPostUser -->
        <test-method signature="testGetUserByName()[pri:2, instance:api.test.UserTests@3f4faf53]" started-at="2024-07-03T11:47:13 CDT" name="testGetUserByName" finished-at="2024-07-03T11:47:13 CDT" duration-ms="179" status="PASS">
          <reporter-output>
          </reporter-output>
        </test-method> <!-- testGetUserByName -->
        <test-method signature="testUpdateUserByName()[pri:3, instance:api.test.UserTests@3f4faf53]" started-at="2024-07-03T11:47:13 CDT" name="testUpdateUserByName" finished-at="2024-07-03T11:47:14 CDT" duration-ms="301" status="PASS">
          <reporter-output>
          </reporter-output>
        </test-method> <!-- testUpdateUserByName -->
        <test-method signature="testDeleteUserByName()[pri:4, instance:api.test.UserTests@3f4faf53]" started-at="2024-07-03T11:47:14 CDT" name="testDeleteUserByName" finished-at="2024-07-03T11:47:14 CDT" duration-ms="149" status="PASS">
          <reporter-output>
          </reporter-output>
        </test-method> <!-- testDeleteUserByName -->
      </class> <!-- api.test.UserTests -->
    </test> <!-- PetTests -->
  </suite> <!-- PetSuite -->
</testng-results>
