<?xml version="1.0" encoding="UTF-8"?>
<!-- Generated by org.testng.reporters.JUnitXMLReporter -->
<testsuite ignored="0" hostname="SowmyaV" failures="0" tests="4" name="PetTests" time="4.29" errors="0" timestamp="2024-07-04T16:33:56 CDT">
  <testcase classname="api.test.UserTests" name="testPostUser" time="2.362"/>
  <testcase classname="api.test.UserTests" name="testGetUserByName" time="0.193"/>
  <testcase classname="api.test.UserTests" name="testUpdateUserByName" time="0.351"/>
  <testcase classname="api.test.UserTests" name="testDeleteUserByName" time="0.155"/>
</testsuite> <!-- PetTests -->
