<?xml version="1.0" encoding="UTF-8"?>
<!-- Generated by org.testng.reporters.JUnitXMLReporter -->
<testsuite ignored="0" hostname="SowmyaV" failures="0" tests="4" name="PetTests" time="2.623" errors="0" timestamp="2024-07-03T11:47:14 CDT">
  <testcase classname="api.test.UserTests" name="testPostUser" time="1.322"/>
  <testcase classname="api.test.UserTests" name="testGetUserByName" time="0.179"/>
  <testcase classname="api.test.UserTests" name="testUpdateUserByName" time="0.301"/>
  <testcase classname="api.test.UserTests" name="testDeleteUserByName" time="0.149"/>
</testsuite> <!-- PetTests -->
